TN:
SF:index.js
FN:1,getNormalizeData
FN:20,(anonymous_1)
FNF:2
FNH:2
FNDA:6,getNormalizeData
FNDA:12,(anonymous_1)
DA:2,6
DA:3,3
DA:5,3
DA:7,3
DA:8,15
DA:9,6
DA:11,9
DA:17,9
DA:20,12
DA:23,1
LF:10
LH:10
BRDA:2,0,0,3
BRDA:2,0,1,3
BRDA:2,1,0,6
BRDA:2,1,1,4
BRDA:8,2,0,6
BRDA:8,2,1,9
BRDA:13,3,0,9
BRDA:13,3,1,0
BRDA:14,4,0,9
BRDA:14,4,1,3
BRF:10
BRH:9
end_of_record
TN:
SF:2(before,mock)\index.js
FN:1,(anonymous_0)
FN:6,(anonymous_1)
FNF:2
FNH:2
FNDA:2,(anonymous_0)
FNDA:5,(anonymous_1)
DA:1,1
DA:2,2
DA:3,1
DA:6,5
DA:9,1
LF:5
LH:5
BRDA:2,0,0,1
BRDA:2,0,1,1
BRF:2
BRH:2
end_of_record
TN:
SF:3_axios\index.js
FN:3,(anonymous_0)
FN:9,(anonymous_1)
FNF:2
FNH:2
FNDA:1,(anonymous_0)
FNDA:5,(anonymous_1)
DA:1,1
DA:3,1
DA:4,1
DA:5,1
DA:8,1
DA:9,5
DA:10,1
DA:14,1
LF:8
LH:8
BRF:0
BRH:0
end_of_record
